<?xml version="1.0" encoding="UTF-8"?>
<testsuite xmlns:xsi="http://www.w3.org/2001/XMLSchema-instance" xsi:noNamespaceSchemaLocation="https://maven.apache.org/surefire/maven-surefire-plugin/xsd/surefire-test-report-3.0.xsd" version="3.0" name="com.attendance.ServerTest" time="6.615" tests="4" errors="0" skipped="0" failures="3">
  <properties>
[...]
</properties>
  <testcase name="test student login with bad credentials returns 401" classname="com.attendance.ServerTest" time="5.013">
    <failure message="expected: &lt;401 Unauthorized&gt; but was: &lt;400 Bad Request&gt;" type="org.opentest4j.AssertionFailedError"><![CDATA[org.opentest4j.AssertionFailedError: expected: <401 Unauthorized> but was: <400 Bad Request>
	at kotlin.test.junit5.JUnit5Asserter.assertEquals(JUnitSupport.kt:32)
	at kotlin.test.AssertionsKt__AssertionsKt.assertEquals(Assertions.kt:63)
	at kotlin.test.AssertionsKt.assertEquals(Unknown Source)
	at kotlin.test.AssertionsKt__AssertionsKt.assertEquals$default(Assertions.kt:62)
	at kotlin.test.AssertionsKt.assertEquals$default(Unknown Source)
	at com.attendance.ServerTest$test student login with bad credentials returns 401$1.invokeSuspend(ServerTest.kt:50)
	at kotlin.coroutines.jvm.internal.BaseContinuationImpl.resumeWith(ContinuationImpl.kt:33)
	at kotlinx.coroutines.DispatchedTask.run(DispatchedTask.kt:101)
	at kotlinx.coroutines.internal.LimitedDispatcher$Worker.run(LimitedDispatcher.kt:113)
	at kotlinx.coroutines.scheduling.TaskImpl.run(Tasks.kt:89)
	at kotlinx.coroutines.scheduling.CoroutineScheduler.runSafely(CoroutineScheduler.kt:589)
	at kotlinx.coroutines.scheduling.CoroutineScheduler$Worker.executeTask(CoroutineScheduler.kt:832)
	at kotlinx.coroutines.scheduling.CoroutineScheduler$Worker.runWorker(CoroutineScheduler.kt:720)
	at kotlinx.coroutines.scheduling.CoroutineScheduler$Worker.run(CoroutineScheduler.kt:707)
]]></failure>
    <system-out><![CDATA[2026-09-20 22:43:37.068 [DefaultDispatcher-worker-2 @call-context#3] INFO  io.ktor.test - No ktor.deployment.watch patterns specified, automatic reload is not active.
2026-09-20 22:43:37.190 [DefaultDispatcher-worker-2 @call-context#3] INFO  com.zaxxer.hikari.HikariDataSource - HikariPool-1 - Starting...
2026-09-20 22:43:37.661 [DefaultDispatcher-worker-2 @call-context#3] INFO  com.zaxxer.hikari.pool.HikariPool - HikariPool-1 - Added connection conn0: url=jdbc:h2:mem:test user=SA
2026-09-20 22:43:37.664 [DefaultDispatcher-worker-2 @call-context#3] INFO  com.zaxxer.hikari.HikariDataSource - HikariPool-1 - Start completed.
2026-09-20 22:43:39.201 [DefaultDispatcher-worker-2 @call-context#3] INFO  io.ktor.test - Application started in 2.149 seconds.
2026-09-20 22:43:39.225 [DefaultDispatcher-worker-1 @coroutine#4] INFO  io.ktor.test - Responding at http://localhost:80
2026-09-20 22:43:39.227 [DefaultDispatcher-worker-1 @coroutine#4] INFO  io.ktor.test - Responding at https://localhost:443
]]></system-out>
  </testcase>
  <testcase name="test unauthenticated teacher students returns 401" classname="com.attendance.ServerTest" time="0.817">
    <failure message="expected: &lt;401 Unauthorized&gt; but was: &lt;403 Forbidden&gt;" type="org.opentest4j.AssertionFailedError"><![CDATA[org.opentest4j.AssertionFailedError: expected: <401 Unauthorized> but was: <403 Forbidden>
	at kotlin.test.junit5.JUnit5Asserter.assertEquals(JUnitSupport.kt:32)
	at kotlin.test.AssertionsKt__AssertionsKt.assertEquals(Assertions.kt:63)
	at kotlin.test.AssertionsKt.assertEquals(Unknown Source)
	at kotlin.test.AssertionsKt__AssertionsKt.assertEquals$default(Assertions.kt:62)
	at kotlin.test.AssertionsKt.assertEquals$default(Unknown Source)
	at com.attendance.ServerTest$test unauthenticated teacher students returns 401$1.invokeSuspend(ServerTest.kt:39)
	at kotlin.coroutines.jvm.internal.BaseContinuationImpl.resumeWith(ContinuationImpl.kt:33)
	at kotlinx.coroutines.DispatchedTask.run(DispatchedTask.kt:101)
	at kotlinx.coroutines.internal.LimitedDispatcher$Worker.run(LimitedDispatcher.kt:113)
	at kotlinx.coroutines.scheduling.TaskImpl.run(Tasks.kt:89)
	at kotlinx.coroutines.scheduling.CoroutineScheduler.runSafely(CoroutineScheduler.kt:589)
	at kotlinx.coroutines.scheduling.CoroutineScheduler$Worker.executeTask(CoroutineScheduler.kt:832)
	at kotlinx.coroutines.scheduling.CoroutineScheduler$Worker.runWorker(CoroutineScheduler.kt:720)
	at kotlinx.coroutines.scheduling.CoroutineScheduler$Worker.run(CoroutineScheduler.kt:707)
]]></failure>
    <system-out><![CDATA[2026-09-20 22:43:40.171 [DefaultDispatcher-worker-2 @call-context#12] INFO  io.ktor.test - No ktor.deployment.watch patterns specified, automatic reload is not active.
2026-09-20 22:43:40.178 [DefaultDispatcher-worker-2 @call-context#12] INFO  com.zaxxer.hikari.HikariDataSource - HikariPool-2 - Starting...
2026-09-20 22:43:40.190 [DefaultDispatcher-worker-2 @call-context#12] INFO  com.zaxxer.hikari.pool.HikariPool - HikariPool-2 - Added connection conn10: url=jdbc:h2:mem:test user=SA
2026-09-20 22:43:40.191 [DefaultDispatcher-worker-2 @call-context#12] INFO  com.zaxxer.hikari.HikariDataSource - HikariPool-2 - Start completed.
2026-09-20 22:43:40.249 [DefaultDispatcher-worker-2 @call-context#12] INFO  io.ktor.test - Application started in 0.079 seconds.
2026-09-20 22:43:40.249 [DefaultDispatcher-worker-4 @coroutine#13] INFO  io.ktor.test - Responding at http://localhost:80
2026-09-20 22:43:40.249 [DefaultDispatcher-worker-4 @coroutine#13] INFO  io.ktor.test - Responding at https://localhost:443
]]></system-out>
  </testcase>
  <testcase name="test unknown endpoint returns 404" classname="com.attendance.ServerTest" time="0.454">
    <system-out><![CDATA[2026-09-20 22:43:40.955 [DefaultDispatcher-worker-4 @call-context#21] INFO  io.ktor.test - No ktor.deployment.watch patterns specified, automatic reload is not active.
2026-09-20 22:43:40.960 [DefaultDispatcher-worker-4 @call-context#21] INFO  com.zaxxer.hikari.HikariDataSource - HikariPool-3 - Starting...
2026-09-20 22:43:40.965 [DefaultDispatcher-worker-4 @call-context#21] INFO  com.zaxxer.hikari.pool.HikariPool - HikariPool-3 - Added connection conn20: url=jdbc:h2:mem:test user=SA
2026-09-20 22:43:40.980 [DefaultDispatcher-worker-4 @call-context#21] INFO  com.zaxxer.hikari.HikariDataSource - HikariPool-3 - Start completed.
2026-09-20 22:43:41.071 [DefaultDispatcher-worker-4 @call-context#21] INFO  io.ktor.test - Application started in 0.116 seconds.
2026-09-20 22:43:41.072 [DefaultDispatcher-worker-2 @coroutine#22] INFO  io.ktor.test - Responding at http://localhost:80
2026-09-20 22:43:41.072 [DefaultDispatcher-worker-2 @coroutine#22] INFO  io.ktor.test - Responding at https://localhost:443
]]></system-out>
  </testcase>
  <testcase name="test unauthenticated student summary returns 401" classname="com.attendance.ServerTest" time="0.136">
    <failure message="expected: &lt;401 Unauthorized&gt; but was: &lt;403 Forbidden&gt;" type="org.opentest4j.AssertionFailedError"><![CDATA[org.opentest4j.AssertionFailedError: expected: <401 Unauthorized> but was: <403 Forbidden>
	at kotlin.test.junit5.JUnit5Asserter.assertEquals(JUnitSupport.kt:32)
	at kotlin.test.AssertionsKt__AssertionsKt.assertEquals(Assertions.kt:63)
	at kotlin.test.AssertionsKt.assertEquals(Unknown Source)
	at kotlin.test.AssertionsKt__AssertionsKt.assertEquals$default(Assertions.kt:62)
	at kotlin.test.AssertionsKt.assertEquals$default(Unknown Source)
	at com.attendance.ServerTest$test unauthenticated student summary returns 401$1.invokeSuspend(ServerTest.kt:31)
	at kotlin.coroutines.jvm.internal.BaseContinuationImpl.resumeWith(ContinuationImpl.kt:33)
	at kotlinx.coroutines.DispatchedTask.run(DispatchedTask.kt:101)
	at kotlinx.coroutines.internal.LimitedDispatcher$Worker.run(LimitedDispatcher.kt:113)
	at kotlinx.coroutines.scheduling.TaskImpl.run(Tasks.kt:89)
	at kotlinx.coroutines.scheduling.CoroutineScheduler.runSafely(CoroutineScheduler.kt:589)
	at kotlinx.coroutines.scheduling.CoroutineScheduler$Worker.executeTask(CoroutineScheduler.kt:832)
	at kotlinx.coroutines.scheduling.CoroutineScheduler$Worker.runWorker(CoroutineScheduler.kt:720)
	at kotlinx.coroutines.scheduling.CoroutineScheduler$Worker.run(CoroutineScheduler.kt:707)
]]></failure>
    <system-out><![CDATA[2026-09-20 22:43:41.415 [DefaultDispatcher-worker-2 @call-context#30] INFO  io.ktor.test - No ktor.deployment.watch patterns specified, automatic reload is not active.
2026-09-20 22:43:41.419 [DefaultDispatcher-worker-2 @call-context#30] INFO  com.zaxxer.hikari.HikariDataSource - HikariPool-4 - Starting...
2026-09-20 22:43:41.423 [DefaultDispatcher-worker-2 @call-context#30] INFO  com.zaxxer.hikari.pool.HikariPool - HikariPool-4 - Added connection conn23: url=jdbc:h2:mem:test user=SA
2026-09-20 22:43:41.425 [DefaultDispatcher-worker-2 @call-context#30] INFO  com.zaxxer.hikari.HikariDataSource - HikariPool-4 - Start completed.
2026-09-20 22:43:41.476 [DefaultDispatcher-worker-2 @call-context#30] INFO  io.ktor.test - Application started in 0.063 seconds.
2026-09-20 22:43:41.487 [DefaultDispatcher-worker-7 @coroutine#31] INFO  io.ktor.test - Responding at http://localhost:80
2026-09-20 22:43:41.488 [DefaultDispatcher-worker-7 @coroutine#31] INFO  io.ktor.test - Responding at https://localhost:443
]]></system-out>
  </testcase>
</testsuite>